<?xml version="1.0" encoding="UTF-8"?>
<testsuite name="com.my.backend.BackendApplicationTests" tests="1" skipped="0" failures="0" errors="0" timestamp="2025-03-26T03:06:03.521Z" hostname="DESKTOP-LMID0CL" time="0.875">
  <properties/>
  <testcase name="contextLoads()" classname="com.my.backend.BackendApplicationTests" time="0.875"/>
  <system-out><![CDATA[12:05:59.552 [Test worker] INFO org.springframework.test.context.support.AnnotationConfigContextLoaderUtils -- Could not detect default configuration classes for test class [com.my.backend.BackendApplicationTests]: BackendApplicationTests does not declare any static, non-private, non-final, nested classes annotated with @Configuration.
12:05:59.696 [Test worker] INFO org.springframework.boot.test.context.SpringBootTestContextBootstrapper -- Found @SpringBootConfiguration com.my.backend.BackendApplication for test class com.my.backend.BackendApplicationTests

  .   ____          _            __ _ _
 /\\ / ___'_ __ _ _(_)_ __  __ _ \ \ \ \
( ( )\___ | '_ | '_| | '_ \/ _` | \ \ \ \
 \\/  ___)| |_)| | | | | || (_| |  ) ) ) )
  '  |____| .__|_| |_|_| |_\__, | / / / /
 =========|_|==============|___/=/_/_/_/

 :: Spring Boot ::                (v3.4.4)

2025-03-26T12:06:00.255+09:00  INFO 15604 --- [backend] [    Test worker] com.my.backend.BackendApplicationTests   : Starting BackendApplicationTests using Java 17.0.13 with PID 15604 (started by 80419 in C:\HSH85\fullstack-depoly\backend)
2025-03-26T12:06:00.257+09:00  INFO 15604 --- [backend] [    Test worker] com.my.backend.BackendApplicationTests   : No active profile set, falling back to 1 default profile: "default"
2025-03-26T12:06:01.051+09:00  INFO 15604 --- [backend] [    Test worker] .s.d.r.c.RepositoryConfigurationDelegate : Bootstrapping Spring Data JPA repositories in DEFAULT mode.
2025-03-26T12:06:01.081+09:00  INFO 15604 --- [backend] [    Test worker] .s.d.r.c.RepositoryConfigurationDelegate : Finished Spring Data repository scanning in 15 ms. Found 0 JPA repository interfaces.
2025-03-26T12:06:01.467+09:00  INFO 15604 --- [backend] [    Test worker] com.zaxxer.hikari.HikariDataSource       : HikariPool-1 - Starting...
2025-03-26T12:06:01.717+09:00  INFO 15604 --- [backend] [    Test worker] com.zaxxer.hikari.pool.HikariPool        : HikariPool-1 - Added connection conn0: url=jdbc:h2:mem:a84aae79-10f8-42a9-bafe-a93a9df6fa0a user=SA
2025-03-26T12:06:01.719+09:00  INFO 15604 --- [backend] [    Test worker] com.zaxxer.hikari.HikariDataSource       : HikariPool-1 - Start completed.
2025-03-26T12:06:01.777+09:00  INFO 15604 --- [backend] [    Test worker] o.hibernate.jpa.internal.util.LogHelper  : HHH000204: Processing PersistenceUnitInfo [name: default]
2025-03-26T12:06:01.855+09:00  INFO 15604 --- [backend] [    Test worker] org.hibernate.Version                    : HHH000412: Hibernate ORM core version 6.6.11.Final
2025-03-26T12:06:01.894+09:00  INFO 15604 --- [backend] [    Test worker] o.h.c.internal.RegionFactoryInitiator    : HHH000026: Second-level cache disabled
2025-03-26T12:06:02.296+09:00  INFO 15604 --- [backend] [    Test worker] o.s.o.j.p.SpringPersistenceUnitInfo      : No LoadTimeWeaver setup: ignoring JPA class transformer
2025-03-26T12:06:02.416+09:00  INFO 15604 --- [backend] [    Test worker] org.hibernate.orm.connections.pooling    : HHH10001005: Database info:
	Database JDBC URL [Connecting through datasource 'HikariDataSource (HikariPool-1)']
	Database driver: undefined/unknown
	Database version: 2.3.232
	Autocommit mode: undefined/unknown
	Isolation level: undefined/unknown
	Minimum pool size: undefined/unknown
	Maximum pool size: undefined/unknown
2025-03-26T12:06:02.812+09:00  INFO 15604 --- [backend] [    Test worker] o.h.e.t.j.p.i.JtaPlatformInitiator       : HHH000489: No JTA platform available (set 'hibernate.transaction.jta.platform' to enable JTA platform integration)
2025-03-26T12:06:02.817+09:00  INFO 15604 --- [backend] [    Test worker] j.LocalContainerEntityManagerFactoryBean : Initialized JPA EntityManagerFactory for persistence unit 'default'
2025-03-26T12:06:02.988+09:00  WARN 15604 --- [backend] [    Test worker] JpaBaseConfiguration$JpaWebConfiguration : spring.jpa.open-in-view is enabled by default. Therefore, database queries may be performed during view rendering. Explicitly configure spring.jpa.open-in-view to disable this warning
2025-03-26T12:06:03.496+09:00  INFO 15604 --- [backend] [    Test worker] com.my.backend.BackendApplicationTests   : Started BackendApplicationTests in 3.596 seconds (process running for 5.107)
]]></system-out>
  <system-err><![CDATA[]]></system-err>
</testsuite>
